CRITICAL - 2022-07-23 05:20:08 --> Undefined variable: value
#0 G:\DoAnTotNghiep\OpenServer\domains\va.ecommerce.com\app\Views\backend\product\product\store.php(26): CodeIgniter\Debug\Exceptions->errorHandler(8, 'Undefined varia...', 'G:\\DoAnTotNghie...', 26, Array)
#1 G:\DoAnTotNghiep\OpenServer\domains\va.ecommerce.com\vendor\codeigniter4\framework\system\View\View.php(246): include('G:\\DoAnTotNghie...')
#2 G:\DoAnTotNghiep\OpenServer\domains\va.ecommerce.com\vendor\codeigniter4\framework\system\Common.php(1119): CodeIgniter\View\View->render('backend/product...', Array, true)
#3 G:\DoAnTotNghiep\OpenServer\domains\va.ecommerce.com\app\Views\backend\product\product\create.php(12): view('backend/product...')
#4 G:\DoAnTotNghiep\OpenServer\domains\va.ecommerce.com\vendor\codeigniter4\framework\system\View\View.php(246): include('G:\\DoAnTotNghie...')
#5 G:\DoAnTotNghiep\OpenServer\domains\va.ecommerce.com\vendor\codeigniter4\framework\system\Common.php(1119): CodeIgniter\View\View->render('backend/product...', Array, true)
#6 G:\DoAnTotNghiep\OpenServer\domains\va.ecommerce.com\app\Views\backend\dashboard\layout\home.php(44): view('backend/product...')
#7 G:\DoAnTotNghiep\OpenServer\domains\va.ecommerce.com\vendor\codeigniter4\framework\system\View\View.php(246): include('G:\\DoAnTotNghie...')
#8 G:\DoAnTotNghiep\OpenServer\domains\va.ecommerce.com\vendor\codeigniter4\framework\system\Common.php(1119): CodeIgniter\View\View->render('backend/dashboa...', Array, true)
#9 G:\DoAnTotNghiep\OpenServer\domains\va.ecommerce.com\app\Controllers\Backend\Product\Product.php(181): view('backend/dashboa...', Array)
#10 G:\DoAnTotNghiep\OpenServer\domains\va.ecommerce.com\vendor\codeigniter4\framework\system\CodeIgniter.php(918): App\Controllers\Backend\Product\Product->create()
#11 G:\DoAnTotNghiep\OpenServer\domains\va.ecommerce.com\vendor\codeigniter4\framework\system\CodeIgniter.php(404): CodeIgniter\CodeIgniter->runController(Object(App\Controllers\Backend\Product\Product))
#12 G:\DoAnTotNghiep\OpenServer\domains\va.ecommerce.com\vendor\codeigniter4\framework\system\CodeIgniter.php(312): CodeIgniter\CodeIgniter->handleRequest(NULL, Object(Config\Cache), false)
#13 G:\DoAnTotNghiep\OpenServer\domains\va.ecommerce.com\index.php(48): CodeIgniter\CodeIgniter->run()
#14 {main}
CRITICAL - 2022-07-23 05:24:05 --> Undefined variable: language
#0 G:\DoAnTotNghiep\OpenServer\domains\va.ecommerce.com\app\Views\backend\product\product\common\general_info.php(159): CodeIgniter\Debug\Exceptions->errorHandler(8, 'Undefined varia...', 'G:\\DoAnTotNghie...', 159, Array)
#1 G:\DoAnTotNghiep\OpenServer\domains\va.ecommerce.com\vendor\codeigniter4\framework\system\View\View.php(246): include('G:\\DoAnTotNghie...')
#2 G:\DoAnTotNghiep\OpenServer\domains\va.ecommerce.com\vendor\codeigniter4\framework\system\Common.php(1119): CodeIgniter\View\View->render('backend/product...', Array, true)
#3 G:\DoAnTotNghiep\OpenServer\domains\va.ecommerce.com\app\Views\backend\product\product\store.php(38): view('backend/product...')
#4 G:\DoAnTotNghiep\OpenServer\domains\va.ecommerce.com\vendor\codeigniter4\framework\system\View\View.php(246): include('G:\\DoAnTotNghie...')
#5 G:\DoAnTotNghiep\OpenServer\domains\va.ecommerce.com\vendor\codeigniter4\framework\system\Common.php(1119): CodeIgniter\View\View->render('backend/product...', Array, true)
#6 G:\DoAnTotNghiep\OpenServer\domains\va.ecommerce.com\app\Views\backend\product\product\create.php(12): view('backend/product...')
#7 G:\DoAnTotNghiep\OpenServer\domains\va.ecommerce.com\vendor\codeigniter4\framework\system\View\View.php(246): include('G:\\DoAnTotNghie...')
#8 G:\DoAnTotNghiep\OpenServer\domains\va.ecommerce.com\vendor\codeigniter4\framework\system\Common.php(1119): CodeIgniter\View\View->render('backend/product...', Array, true)
#9 G:\DoAnTotNghiep\OpenServer\domains\va.ecommerce.com\app\Views\backend\dashboard\layout\home.php(44): view('backend/product...')
#10 G:\DoAnTotNghiep\OpenServer\domains\va.ecommerce.com\vendor\codeigniter4\framework\system\View\View.php(246): include('G:\\DoAnTotNghie...')
#11 G:\DoAnTotNghiep\OpenServer\domains\va.ecommerce.com\vendor\codeigniter4\framework\system\Common.php(1119): CodeIgniter\View\View->render('backend/dashboa...', Array, true)
#12 G:\DoAnTotNghiep\OpenServer\domains\va.ecommerce.com\app\Controllers\Backend\Product\Product.php(181): view('backend/dashboa...', Array)
#13 G:\DoAnTotNghiep\OpenServer\domains\va.ecommerce.com\vendor\codeigniter4\framework\system\CodeIgniter.php(918): App\Controllers\Backend\Product\Product->create()
#14 G:\DoAnTotNghiep\OpenServer\domains\va.ecommerce.com\vendor\codeigniter4\framework\system\CodeIgniter.php(404): CodeIgniter\CodeIgniter->runController(Object(App\Controllers\Backend\Product\Product))
#15 G:\DoAnTotNghiep\OpenServer\domains\va.ecommerce.com\vendor\codeigniter4\framework\system\CodeIgniter.php(312): CodeIgniter\CodeIgniter->handleRequest(NULL, Object(Config\Cache), false)
#16 G:\DoAnTotNghiep\OpenServer\domains\va.ecommerce.com\index.php(48): CodeIgniter\CodeIgniter->run()
#17 {main}
CRITICAL - 2022-07-23 05:24:43 --> Undefined variable: class
#0 G:\DoAnTotNghiep\OpenServer\domains\va.ecommerce.com\app\Views\backend\product\product\common\general_info.php(331): CodeIgniter\Debug\Exceptions->errorHandler(8, 'Undefined varia...', 'G:\\DoAnTotNghie...', 331, Array)
#1 G:\DoAnTotNghiep\OpenServer\domains\va.ecommerce.com\vendor\codeigniter4\framework\system\View\View.php(246): include('G:\\DoAnTotNghie...')
#2 G:\DoAnTotNghiep\OpenServer\domains\va.ecommerce.com\vendor\codeigniter4\framework\system\Common.php(1119): CodeIgniter\View\View->render('backend/product...', Array, true)
#3 G:\DoAnTotNghiep\OpenServer\domains\va.ecommerce.com\app\Views\backend\product\product\store.php(37): view('backend/product...')
#4 G:\DoAnTotNghiep\OpenServer\domains\va.ecommerce.com\vendor\codeigniter4\framework\system\View\View.php(246): include('G:\\DoAnTotNghie...')
#5 G:\DoAnTotNghiep\OpenServer\domains\va.ecommerce.com\vendor\codeigniter4\framework\system\Common.php(1119): CodeIgniter\View\View->render('backend/product...', Array, true)
#6 G:\DoAnTotNghiep\OpenServer\domains\va.ecommerce.com\app\Views\backend\product\product\create.php(12): view('backend/product...')
#7 G:\DoAnTotNghiep\OpenServer\domains\va.ecommerce.com\vendor\codeigniter4\framework\system\View\View.php(246): include('G:\\DoAnTotNghie...')
#8 G:\DoAnTotNghiep\OpenServer\domains\va.ecommerce.com\vendor\codeigniter4\framework\system\Common.php(1119): CodeIgniter\View\View->render('backend/product...', Array, true)
#9 G:\DoAnTotNghiep\OpenServer\domains\va.ecommerce.com\app\Views\backend\dashboard\layout\home.php(44): view('backend/product...')
#10 G:\DoAnTotNghiep\OpenServer\domains\va.ecommerce.com\vendor\codeigniter4\framework\system\View\View.php(246): include('G:\\DoAnTotNghie...')
#11 G:\DoAnTotNghiep\OpenServer\domains\va.ecommerce.com\vendor\codeigniter4\framework\system\Common.php(1119): CodeIgniter\View\View->render('backend/dashboa...', Array, true)
#12 G:\DoAnTotNghiep\OpenServer\domains\va.ecommerce.com\app\Controllers\Backend\Product\Product.php(182): view('backend/dashboa...', Array)
#13 G:\DoAnTotNghiep\OpenServer\domains\va.ecommerce.com\vendor\codeigniter4\framework\system\CodeIgniter.php(918): App\Controllers\Backend\Product\Product->create()
#14 G:\DoAnTotNghiep\OpenServer\domains\va.ecommerce.com\vendor\codeigniter4\framework\system\CodeIgniter.php(404): CodeIgniter\CodeIgniter->runController(Object(App\Controllers\Backend\Product\Product))
#15 G:\DoAnTotNghiep\OpenServer\domains\va.ecommerce.com\vendor\codeigniter4\framework\system\CodeIgniter.php(312): CodeIgniter\CodeIgniter->handleRequest(NULL, Object(Config\Cache), false)
#16 G:\DoAnTotNghiep\OpenServer\domains\va.ecommerce.com\index.php(48): CodeIgniter\CodeIgniter->run()
#17 {main}
